<?xml version="1.0" encoding="UTF-8"?>
<!-- Generated by org.testng.reporters.JUnitReportReporter -->
<testsuite hostname="DESKTOP-R5R7T0T" failures="0" tests="3" name="Sixth.Oct17_DataProvider" time="38.093" errors="0" timestamp="2022-01-10T19:11:17 IST" skipped="0">
  <testcase classname="Sixth.Oct17_DataProvider" name="f" time="16.574"/>
  <system-out>
    <![CDATA[Test Get Started
Get successed]]>
  </system-out>
  <testcase classname="Sixth.Oct17_DataProvider" name="f" time="15.958"/>
  <system-out>
    <![CDATA[Test Get Started
Get successed]]>
  </system-out>
  <testcase classname="Sixth.Oct17_DataProvider" name="init1" time="5.561"/>
  <system-out>
    <![CDATA[Test Get Started
Get successed]]>
  </system-out>
</testsuite> <!-- Sixth.Oct17_DataProvider -->
