<?xml version="1.0" encoding="UTF-8"?>
<!-- Generated by org.testng.reporters.JUnitReportReporter -->
<testsuite hostname="DESKTOP-R5R7T0T" failures="0" tests="1" name="Four.Oct18_AssertOnWebPage" time="6.486" errors="0" timestamp="2021-11-10T11:13:51 IST" skipped="0">
  <testcase classname="Four.Oct18_AssertOnWebPage" name="f" time="6.486"/>
  <system-out/>
</testsuite> <!-- Four.Oct18_AssertOnWebPage -->
