<?xml version="1.0" encoding="UTF-8"?>
<!-- Generated by org.testng.reporters.JUnitReportReporter -->
<testsuite hostname="DESKTOP-R5R7T0T" failures="0" tests="3" name="Third.Oct17_DataProvider" time="21.659" errors="0" timestamp="2021-11-10T00:47:32 IST" skipped="0">
  <testcase classname="Third.Oct17_DataProvider" name="init1" time="4.502"/>
  <system-out/>
  <testcase classname="Third.Oct17_DataProvider" name="f" time="7.736"/>
  <system-out/>
  <testcase classname="Third.Oct17_DataProvider" name="f" time="9.421"/>
  <system-out/>
</testsuite> <!-- Third.Oct17_DataProvider -->
