<?xml version="1.0" encoding="UTF-8"?>
<!-- Generated by org.testng.reporters.JUnitReportReporter -->
<testsuite hostname="DESKTOP-R5R7T0T" failures="0" tests="1" name="Third.Oct17_Parameter" time="0.016" errors="0" timestamp="2021-11-10T00:22:52 IST" skipped="0">
  <testcase classname="Third.Oct17_Parameter" name="f" time="0.016"/>
  <system-out/>
</testsuite> <!-- Third.Oct17_Parameter -->
