<?xml version="1.0" encoding="UTF-8"?>
<!-- Generated by org.testng.reporters.JUnitReportReporter -->
<testsuite hostname="DESKTOP-R5R7T0T" failures="0" tests="1" name="Five.Oct19_CrossBrowser" time="12.133" errors="0" timestamp="2021-11-10T12:44:24 IST" skipped="0">
  <testcase classname="Five.Oct19_CrossBrowser" name="F" time="12.133"/>
  <system-out/>
</testsuite> <!-- Five.Oct19_CrossBrowser -->
