<?xml version="1.0" encoding="UTF-8"?>
<!-- Generated by org.testng.reporters.JUnitReportReporter -->
<testsuite hostname="DESKTOP-R5R7T0T" failures="0" tests="4" name="Four.Oct18_Assert" time="0.039" errors="0" timestamp="2021-11-10T09:41:14 IST" skipped="0">
  <testcase classname="Four.Oct18_Assert" name="f" time="0.009"/>
  <system-out/>
  <testcase classname="Four.Oct18_Assert" name="f" time="0.004"/>
  <system-out/>
  <testcase classname="Four.Oct18_Assert" name="f" time="0.019"/>
  <system-out/>
  <testcase classname="Four.Oct18_Assert" name="f" time="0.007"/>
  <system-out/>
</testsuite> <!-- Four.Oct18_Assert -->
