<?xml version="1.0" encoding="UTF-8"?>
<!-- Generated by org.testng.reporters.JUnitReportReporter -->
<testsuite hostname="DESKTOP-R5R7T0T" failures="0" tests="2" name="Four.Oct18_SkipTest" time="0.018" errors="0" timestamp="2021-11-10T09:03:03 IST" skipped="1">
  <testcase classname="Four.Oct18_SkipTest" name="g" time="0.018"/>
  <system-out/>
  <testcase classname="Four.Oct18_SkipTest" name="f">
    <skipped/>
  </testcase> <!-- f -->
  <system-out/>
</testsuite> <!-- Four.Oct18_SkipTest -->
